{"numFailedTestSuites":0,"numFailedTests":0,"numPassedTestSuites":1,"numPassedTests":21,"numPendingTestSuites":0,"numPendingTests":0,"numRuntimeErrorTestSuites":0,"numTodoTests":0,"numTotalTestSuites":1,"numTotalTests":21,"openHandles":[],"snapshot":{"added":0,"didUpdate":false,"failure":false,"filesAdded":0,"filesRemoved":0,"filesRemovedList":[],"filesUnmatched":0,"filesUpdated":0,"matched":0,"total":0,"unchecked":0,"uncheckedKeysByFile":[],"unmatched":0,"updated":0},"startTime":1709823366137,"success":true,"testResults":[{"assertionResults":[{"ancestorTitles":[],"duration":5,"failureDetails":[],"failureMessages":[],"fullName":"photo is valid","invocations":1,"location":null,"numPassingAsserts":1,"retryReasons":[],"status":"passed","title":"photo is valid"},{"ancestorTitles":[],"duration":1,"failureDetails":[],"failureMessages":[],"fullName":"photo is invalid","invocations":1,"location":null,"numPassingAsserts":2,"retryReasons":[],"status":"passed","title":"photo is invalid"},{"ancestorTitles":[],"duration":1,"failureDetails":[],"failureMessages":[],"fullName":"username is valid","invocations":1,"location":null,"numPassingAsserts":1,"retryReasons":[],"status":"passed","title":"username is valid"},{"ancestorTitles":[],"duration":1,"failureDetails":[],"failureMessages":[],"fullName":"username is invalid","invocations":1,"location":null,"numPassingAsserts":2,"retryReasons":[],"status":"passed","title":"username is invalid"},{"ancestorTitles":[],"duration":1,"failureDetails":[],"failureMessages":[],"fullName":"password is valid","invocations":1,"location":null,"numPassingAsserts":1,"retryReasons":[],"status":"passed","title":"password is valid"},{"ancestorTitles":[],"duration":2,"failureDetails":[],"failureMessages":[],"fullName":"password is invalid, not same","invocations":1,"location":null,"numPassingAsserts":2,"retryReasons":[],"status":"passed","title":"password is invalid, not same"},{"ancestorTitles":[],"duration":2,"failureDetails":[],"failureMessages":[],"fullName":"password is invalid, too short","invocations":1,"location":null,"numPassingAsserts":2,"retryReasons":[],"status":"passed","title":"password is invalid, too short"},{"ancestorTitles":[],"duration":1,"failureDetails":[],"failureMessages":[],"fullName":"email is valid","invocations":1,"location":null,"numPassingAsserts":1,"retryReasons":[],"status":"passed","title":"email is valid"},{"ancestorTitles":[],"duration":0,"failureDetails":[],"failureMessages":[],"fullName":"email is invalid, without @","invocations":1,"location":null,"numPassingAsserts":2,"retryReasons":[],"status":"passed","title":"email is invalid, without @"},{"ancestorTitles":[],"duration":1,"failureDetails":[],"failureMessages":[],"fullName":"name is valid","invocations":1,"location":null,"numPassingAsserts":1,"retryReasons":[],"status":"passed","title":"name is valid"},{"ancestorTitles":[],"duration":0,"failureDetails":[],"failureMessages":[],"fullName":"name is invalid, without last name","invocations":1,"location":null,"numPassingAsserts":2,"retryReasons":[],"status":"passed","title":"name is invalid, without last name"},{"ancestorTitles":[],"duration":1,"failureDetails":[],"failureMessages":[],"fullName":"URL is valid","invocations":1,"location":null,"numPassingAsserts":1,"retryReasons":[],"status":"passed","title":"URL is valid"},{"ancestorTitles":[],"duration":1,"failureDetails":[],"failureMessages":[],"fullName":"order tasks","invocations":1,"location":null,"numPassingAsserts":1,"retryReasons":[],"status":"passed","title":"order tasks"},{"ancestorTitles":[],"duration":1,"failureDetails":[],"failureMessages":[],"fullName":"title is valid","invocations":1,"location":null,"numPassingAsserts":1,"retryReasons":[],"status":"passed","title":"title is valid"},{"ancestorTitles":[],"duration":0,"failureDetails":[],"failureMessages":[],"fullName":"title is invalid","invocations":1,"location":null,"numPassingAsserts":2,"retryReasons":[],"status":"passed","title":"title is invalid"},{"ancestorTitles":[],"duration":48,"failureDetails":[],"failureMessages":[],"fullName":"start date is before end date","invocations":1,"location":null,"numPassingAsserts":1,"retryReasons":[],"status":"passed","title":"start date is before end date"},{"ancestorTitles":[],"duration":6,"failureDetails":[],"failureMessages":[],"fullName":"start date is before end date","invocations":1,"location":null,"numPassingAsserts":1,"retryReasons":[],"status":"passed","title":"start date is before end date"},{"ancestorTitles":[],"duration":1,"failureDetails":[],"failureMessages":[],"fullName":"priority is valid","invocations":1,"location":null,"numPassingAsserts":1,"retryReasons":[],"status":"passed","title":"priority is valid"},{"ancestorTitles":[],"duration":0,"failureDetails":[],"failureMessages":[],"fullName":"priority is invalid","invocations":1,"location":null,"numPassingAsserts":2,"retryReasons":[],"status":"passed","title":"priority is invalid"},{"ancestorTitles":[],"duration":1,"failureDetails":[],"failureMessages":[],"fullName":"status is valid","invocations":1,"location":null,"numPassingAsserts":1,"retryReasons":[],"status":"passed","title":"status is valid"},{"ancestorTitles":[],"duration":0,"failureDetails":[],"failureMessages":[],"fullName":"status is invalid","invocations":1,"location":null,"numPassingAsserts":2,"retryReasons":[],"status":"passed","title":"status is invalid"}],"endTime":1709823367715,"message":"","name":"C:\\Users\\Bernardo\\Desktop\\AcertarORumo\\Programação Avançada em Java\\Projeto_1\\projeto_scrum\\bernardo_proj4\\JTest\\example.test.js","startTime":1709823367168,"status":"passed","summary":""}],"wasInterrupted":false}
